Using pre-set license
Built from '2020.3/staging' branch; Version is '2020.3.21f1 (a38c86f6690f) revision 10718342'; Using compiler version '192528614'; Build Type 'Release'
OS: 'Windows 10 Pro; OS build 22000.258; Version 2009; 64bit' Language: 'en' Physical Memory: 16298 MB
BatchMode: 1, IsHumanControllingUs: 0, StartBugReporterOnCrash: 0, Is64bit: 1, IsPro: 0

COMMAND LINE ARGUMENTS:
C:\Program Files\Unity\Hub\Editor\2020.3.21f1\Editor\Unity.exe
-adb2
-batchMode
-noUpm
-name
AssetImportWorker0
-projectPath
C:/Users/USER/Documents/GitHub/Inventory-System/Inventory System
-logFile
Logs/AssetImportWorker0.log
-srvPort
54647
Successfully changed project path to: C:/Users/USER/Documents/GitHub/Inventory-System/Inventory System
C:/Users/USER/Documents/GitHub/Inventory-System/Inventory System
Using Asset Import Pipeline V2.
Refreshing native plugins compatible for Editor in 48.71 ms, found 2 plugins.
Preloading 0 native plugins for Editor in 0.00 ms.
Initialize engine version: 2020.3.21f1 (a38c86f6690f)
[Subsystems] Discovering subsystems at path C:/Program Files/Unity/Hub/Editor/2020.3.21f1/Editor/Data/Resources/UnitySubsystems
[Subsystems] Discovering subsystems at path C:/Users/USER/Documents/GitHub/Inventory-System/Inventory System/Assets
GfxDevice: creating device client; threaded=0
Direct3D:
    Version:  Direct3D 11.0 [level 11.1]
    Renderer: NVIDIA GeForce GTX 1650 (ID=0x1f0a)
    Vendor:   
    VRAM:     3961 MB
    Driver:   27.21.14.6192
Initialize mono
Mono path[0] = 'C:/Program Files/Unity/Hub/Editor/2020.3.21f1/Editor/Data/Managed'
Mono path[1] = 'C:/Program Files/Unity/Hub/Editor/2020.3.21f1/Editor/Data/MonoBleedingEdge/lib/mono/unityjit'
Mono config path = 'C:/Program Files/Unity/Hub/Editor/2020.3.21f1/Editor/Data/MonoBleedingEdge/etc'
Using monoOptions --debugger-agent=transport=dt_socket,embedding=1,server=y,suspend=n,address=127.0.0.1:56620
Begin MonoManager ReloadAssembly
Registering precompiled unity dll's ...
Register platform support module: C:/Program Files/Unity/Hub/Editor/2020.3.21f1/Editor/Data/PlaybackEngines/WindowsStandaloneSupport/UnityEditor.WindowsStandalone.Extensions.dll
Registered in 0.000975 seconds.
Native extension for WindowsStandalone target not found
Refreshing native plugins compatible for Editor in 48.13 ms, found 2 plugins.
Preloading 0 native plugins for Editor in 0.00 ms.
Mono: successfully reloaded assembly
- Completed reload, in  1.284 seconds
Domain Reload Profiling:
	ReloadAssembly (1284ms)
		BeginReloadAssembly (37ms)
			ExecutionOrderSort (0ms)
			DisableScriptedObjects (0ms)
			BackupInstance (0ms)
			ReleaseScriptingObjects (0ms)
			CreateAndSetChildDomain (1ms)
		EndReloadAssembly (353ms)
			LoadAssemblies (36ms)
			RebuildTransferFunctionScriptingTraits (0ms)
			SetupTypeCache (113ms)
			ReleaseScriptCaches (0ms)
			RebuildScriptCaches (23ms)
			SetupLoadedEditorAssemblies (146ms)
				LogAssemblyErrors (0ms)
				InitializePlatformSupportModulesInManaged (3ms)
				SetLoadedEditorAssemblies (0ms)
				RefreshPlugins (48ms)
				BeforeProcessingInitializeOnLoad (12ms)
				ProcessInitializeOnLoadAttributes (61ms)
				ProcessInitializeOnLoadMethodAttributes (21ms)
				AfterProcessingInitializeOnLoad (0ms)
				EditorAssembliesLoaded (0ms)
			ExecutionOrderSort2 (0ms)
			AwakeInstancesAfterBackupRestoration (0ms)
Platform modules already initialized, skipping
Registering precompiled user dll's ...
Registered in 0.002772 seconds.
Begin MonoManager ReloadAssembly
Native extension for WindowsStandalone target not found
Refreshing native plugins compatible for Editor in 48.93 ms, found 2 plugins.
Preloading 0 native plugins for Editor in 0.00 ms.
Mono: successfully reloaded assembly
- Completed reload, in  0.937 seconds
Domain Reload Profiling:
	ReloadAssembly (938ms)
		BeginReloadAssembly (106ms)
			ExecutionOrderSort (0ms)
			DisableScriptedObjects (4ms)
			BackupInstance (0ms)
			ReleaseScriptingObjects (0ms)
			CreateAndSetChildDomain (13ms)
		EndReloadAssembly (786ms)
			LoadAssemblies (66ms)
			RebuildTransferFunctionScriptingTraits (0ms)
			SetupTypeCache (258ms)
			ReleaseScriptCaches (1ms)
			RebuildScriptCaches (44ms)
			SetupLoadedEditorAssemblies (323ms)
				LogAssemblyErrors (0ms)
				InitializePlatformSupportModulesInManaged (3ms)
				SetLoadedEditorAssemblies (1ms)
				RefreshPlugins (49ms)
				BeforeProcessingInitializeOnLoad (71ms)
				ProcessInitializeOnLoadAttributes (188ms)
				ProcessInitializeOnLoadMethodAttributes (8ms)
				AfterProcessingInitializeOnLoad (3ms)
				EditorAssembliesLoaded (0ms)
			ExecutionOrderSort2 (0ms)
			AwakeInstancesAfterBackupRestoration (5ms)
Platform modules already initialized, skipping
========================================================================
Worker process is ready to serve import requests
Launched and connected shader compiler UnityShaderCompiler.exe after 0.05 seconds
Refreshing native plugins compatible for Editor in 0.54 ms, found 2 plugins.
Preloading 0 native plugins for Editor in 0.00 ms.
Unloading 3223 Unused Serialized files (Serialized files now loaded: 0)
System memory in use before: 153.4 MB.
System memory in use after: 153.6 MB.

Unloading 23 unused Assets to reduce memory usage. Loaded Objects now: 3683.
Total: 3.135400 ms (FindLiveObjects: 0.240600 ms CreateObjectMapping: 0.126800 ms MarkObjects: 2.694900 ms  DeleteObjects: 0.072200 ms)

AssetImportParameters requested are different than current active one (requested -> active):
  custom:framework-win-MediaFoundation: 216162199b28c13a410421893ffa2e32 -> 
  custom:video-decoder-ogg-theora: a1e56fd34408186e4bbccfd4996cb3dc -> 
  custom:container-muxer-webm: aa71ff27fc2769a1b78a27578f13a17b -> 
  custom:container-demuxer-webm: 4f35f7cbe854078d1ac9338744f61a02 -> 
  custom:container-demuxer-ogg: 62fdf1f143b41e24485cea50d1cbac27 -> 
  custom:video-encoder-webm-vp8: eb34c28f22e8b96e1ab97ce403110664 -> 
  custom:video-decoder-webm-vp8: 9c59270c3fd7afecdb556c50c9e8de78 -> 
  custom:audio-decoder-ogg-vorbis: bf7c407c2cedff20999df2af8eb42d56 -> 
  custom:audio-encoder-webm-vorbis: bf7c407c2cedff20999df2af8eb42d56 -> 
========================================================================
Received Import Request.
  path: Assets/Scenes/GameScene.unity
  artifactKey: Guid(571c44f4fc73e83448777042114ca115) Importer(815301076,1909f56bfc062723c751e8b465ee728b)
Start importing Assets/Scenes/GameScene.unity using Guid(571c44f4fc73e83448777042114ca115) Importer(815301076,1909f56bfc062723c751e8b465ee728b)  -> (artifact id: '1418f376e7de327bb00fe868409cbdc2') in 0.014908 seconds 
  Import took 0.018744 seconds .

========================================================================
Received Import Request.
  Time since last request: 5.986884 seconds.
  path: Assets/ExampleAssets
  artifactKey: Guid(990f5c2df70993f4987a388ca178996a) Importer(815301076,1909f56bfc062723c751e8b465ee728b)
Start importing Assets/ExampleAssets using Guid(990f5c2df70993f4987a388ca178996a) Importer(815301076,1909f56bfc062723c751e8b465ee728b)  -> (artifact id: 'd7f803e1b12591de9878c5dffbdd6bf0') in 0.009988 seconds 
  Import took 0.015749 seconds .

========================================================================
Received Import Request.
  Time since last request: 6.911614 seconds.
  path: Assets/Easy Weapons/Demo/newdemo.unity
  artifactKey: Guid(29a95fb3f098c9e4bbc7cb1eb4d2bc77) Importer(815301076,1909f56bfc062723c751e8b465ee728b)
Start importing Assets/Easy Weapons/Demo/newdemo.unity using Guid(29a95fb3f098c9e4bbc7cb1eb4d2bc77) Importer(815301076,1909f56bfc062723c751e8b465ee728b)  -> (artifact id: '04ae81fdfad8f36bd76c3fae6c537661') in 0.010032 seconds 
  Import took 0.015679 seconds .

========================================================================
Received Import Request.
  Time since last request: 2.234823 seconds.
  path: Assets/Easy Weapons/Demo/first_person.unity
  artifactKey: Guid(ec31fac9cd13b404c95aa46bb9df00ec) Importer(815301076,1909f56bfc062723c751e8b465ee728b)
Start importing Assets/Easy Weapons/Demo/first_person.unity using Guid(ec31fac9cd13b404c95aa46bb9df00ec) Importer(815301076,1909f56bfc062723c751e8b465ee728b)  -> (artifact id: '49de4bb21f38fd0d92e0346b25fcc43c') in 0.009957 seconds 
  Import took 0.015622 seconds .

========================================================================
Received Import Request.
  Time since last request: 22.111261 seconds.
  path: Assets/StarterAssets/InputSystem/StarterAssets.inputsettings.asset
  artifactKey: Guid(9e7be553448fa2546aea5752021cbcf7) Importer(815301076,1909f56bfc062723c751e8b465ee728b)
Start importing Assets/StarterAssets/InputSystem/StarterAssets.inputsettings.asset using Guid(9e7be553448fa2546aea5752021cbcf7) Importer(815301076,1909f56bfc062723c751e8b465ee728b)  -> (artifact id: 'decf5561e5b580524428adeeee185eea') in 0.019961 seconds 
  Import took 0.024798 seconds .

========================================================================
Received Import Request.
  Time since last request: 0.594025 seconds.
  path: Assets/StarterAssets/InputSystem/StarterAssetsInputs.cs
  artifactKey: Guid(e087ecce43ebbff45a1b360637807d93) Importer(815301076,1909f56bfc062723c751e8b465ee728b)
Start importing Assets/StarterAssets/InputSystem/StarterAssetsInputs.cs using Guid(e087ecce43ebbff45a1b360637807d93) Importer(815301076,1909f56bfc062723c751e8b465ee728b)  -> (artifact id: 'bc7d0c5e7dc0cd5602b8cf10eea24916') in 0.014528 seconds 
  Import took 0.018486 seconds .

========================================================================
Received Import Request.
  Time since last request: 0.886910 seconds.
  path: Assets/StarterAssets/InputSystem/StarterAssets.inputactions
  artifactKey: Guid(4419d82f33d36e848b3ed5af4c8da37e) Importer(815301076,1909f56bfc062723c751e8b465ee728b)
Start importing Assets/StarterAssets/InputSystem/StarterAssets.inputactions using Guid(4419d82f33d36e848b3ed5af4c8da37e) Importer(815301076,1909f56bfc062723c751e8b465ee728b)  -> (artifact id: '847c0bee33a23550a7d4337dca5dc269') in 0.015773 seconds 
  Import took 0.020668 seconds .

========================================================================
Received Import Request.
  Time since last request: 16.918875 seconds.
  path: Assets/StarterAssets/InputSystem
  artifactKey: Guid(48c9acd554a28814b922162e3fa889b0) Importer(815301076,1909f56bfc062723c751e8b465ee728b)
Start importing Assets/StarterAssets/InputSystem using Guid(48c9acd554a28814b922162e3fa889b0) Importer(815301076,1909f56bfc062723c751e8b465ee728b)  -> (artifact id: '2b6dcab0e7d03fb55e3c0c78b961cba4') in 0.008355 seconds 
  Import took 0.014373 seconds .

========================================================================
Received Import Request.
  Time since last request: 30.555321 seconds.
  path: Assets/StarterAssets/StarterAssets_Documentation.pdf
  artifactKey: Guid(a4b3ee9030379a042983d43d671fcc92) Importer(815301076,1909f56bfc062723c751e8b465ee728b)
Start importing Assets/StarterAssets/StarterAssets_Documentation.pdf using Guid(a4b3ee9030379a042983d43d671fcc92) Importer(815301076,1909f56bfc062723c751e8b465ee728b)  -> (artifact id: 'c1a3bb50b6ec431df19996417a26064f') in 0.013870 seconds 
  Import took 0.019583 seconds .

========================================================================
Received Prepare
Refreshing native plugins compatible for Editor in 2.33 ms, found 2 plugins.
Preloading 0 native plugins for Editor in 0.00 ms.
Unloading 13 Unused Serialized files (Serialized files now loaded: 0)
System memory in use before: 85.2 MB.
System memory in use after: 85.5 MB.

Unloading 13 unused Assets to reduce memory usage. Loaded Objects now: 3683.
Total: 3.136300 ms (FindLiveObjects: 0.289900 ms CreateObjectMapping: 0.140800 ms MarkObjects: 2.694900 ms  DeleteObjects: 0.009900 ms)

AssetImportParameters requested are different than current active one (requested -> active):
  custom:framework-win-MediaFoundation: 216162199b28c13a410421893ffa2e32 -> 
  custom:video-decoder-ogg-theora: a1e56fd34408186e4bbccfd4996cb3dc -> 
  custom:container-muxer-webm: aa71ff27fc2769a1b78a27578f13a17b -> 
  custom:container-demuxer-webm: 4f35f7cbe854078d1ac9338744f61a02 -> 
  custom:container-demuxer-ogg: 62fdf1f143b41e24485cea50d1cbac27 -> 
  custom:video-encoder-webm-vp8: eb34c28f22e8b96e1ab97ce403110664 -> 
  custom:video-decoder-webm-vp8: 9c59270c3fd7afecdb556c50c9e8de78 -> 
  custom:audio-decoder-ogg-vorbis: bf7c407c2cedff20999df2af8eb42d56 -> 
  custom:audio-encoder-webm-vorbis: bf7c407c2cedff20999df2af8eb42d56 -> 
========================================================================
Received Import Request.
  Time since last request: 35.149044 seconds.
  path: Assets/StarterAssets/ThirdPersonController/Scenes
  artifactKey: Guid(89e5f9b6a0fcdae4e8ccb4b461925e8c) Importer(815301076,1909f56bfc062723c751e8b465ee728b)
Start importing Assets/StarterAssets/ThirdPersonController/Scenes using Guid(89e5f9b6a0fcdae4e8ccb4b461925e8c) Importer(815301076,1909f56bfc062723c751e8b465ee728b)  -> (artifact id: '60e31348525227d2e96db4da3c7eada4') in 0.009975 seconds 
  Import took 0.015817 seconds .

========================================================================
Received Import Request.
  Time since last request: 2.212690 seconds.
  path: Assets/StarterAssets/ThirdPersonController/Scenes/Playground.unity
  artifactKey: Guid(e9017d5f96b9f09489b4b37e1d6eb914) Importer(815301076,1909f56bfc062723c751e8b465ee728b)
Start importing Assets/StarterAssets/ThirdPersonController/Scenes/Playground.unity using Guid(e9017d5f96b9f09489b4b37e1d6eb914) Importer(815301076,1909f56bfc062723c751e8b465ee728b)  -> (artifact id: '95ad1cd3129cd172da94e49b28a309b3') in 0.009629 seconds 
  Import took 0.014438 seconds .

========================================================================
Received Import Request.
  Time since last request: 76.670708 seconds.
  path: Assets/StarterAssets/ThirdPersonController/Character/Animations/StarterAssetsThirdPerson.controller
  artifactKey: Guid(40db3173a05ae3242b1c182a09b0a183) Importer(815301076,1909f56bfc062723c751e8b465ee728b)
Start importing Assets/StarterAssets/ThirdPersonController/Character/Animations/StarterAssetsThirdPerson.controller using Guid(40db3173a05ae3242b1c182a09b0a183) Importer(815301076,1909f56bfc062723c751e8b465ee728b)  -> (artifact id: 'b45138b89a3b21c73bdc2a368619cd62') in 0.014226 seconds 
  Import took 0.018972 seconds .

========================================================================
Received Prepare
Registering precompiled user dll's ...
Registered in 0.596465 seconds.
Begin MonoManager ReloadAssembly
Native extension for WindowsStandalone target not found
Refreshing native plugins compatible for Editor in 0.57 ms, found 2 plugins.
Preloading 0 native plugins for Editor in 0.00 ms.
Mono: successfully reloaded assembly
- Completed reload, in  2.844 seconds
Domain Reload Profiling:
	ReloadAssembly (2845ms)
		BeginReloadAssembly (189ms)
			ExecutionOrderSort (0ms)
			DisableScriptedObjects (9ms)
			BackupInstance (0ms)
			ReleaseScriptingObjects (0ms)
			CreateAndSetChildDomain (66ms)
		EndReloadAssembly (2607ms)
			LoadAssemblies (1889ms)
			RebuildTransferFunctionScriptingTraits (0ms)
			SetupTypeCache (278ms)
			ReleaseScriptCaches (1ms)
			RebuildScriptCaches (36ms)
			SetupLoadedEditorAssemblies (345ms)
				LogAssemblyErrors (0ms)
				InitializePlatformSupportModulesInManaged (4ms)
				SetLoadedEditorAssemblies (0ms)
				RefreshPlugins (1ms)
				BeforeProcessingInitializeOnLoad (68ms)
				ProcessInitializeOnLoadAttributes (259ms)
				ProcessInitializeOnLoadMethodAttributes (8ms)
				AfterProcessingInitializeOnLoad (5ms)
				EditorAssembliesLoaded (0ms)
			ExecutionOrderSort2 (0ms)
			AwakeInstancesAfterBackupRestoration (5ms)
Platform modules already initialized, skipping
Refreshing native plugins compatible for Editor in 0.56 ms, found 2 plugins.
Preloading 0 native plugins for Editor in 0.00 ms.
Unloading 3157 Unused Serialized files (Serialized files now loaded: 0)
System memory in use before: 147.4 MB.
System memory in use after: 147.6 MB.

Unloading 16 unused Assets to reduce memory usage. Loaded Objects now: 3685.
Total: 2.956300 ms (FindLiveObjects: 0.253800 ms CreateObjectMapping: 0.134600 ms MarkObjects: 2.550600 ms  DeleteObjects: 0.016400 ms)

AssetImportParameters requested are different than current active one (requested -> active):
  custom:framework-win-MediaFoundation: 216162199b28c13a410421893ffa2e32 -> 
  custom:video-decoder-ogg-theora: a1e56fd34408186e4bbccfd4996cb3dc -> 
  custom:container-muxer-webm: aa71ff27fc2769a1b78a27578f13a17b -> 
  custom:container-demuxer-webm: 4f35f7cbe854078d1ac9338744f61a02 -> 
  custom:container-demuxer-ogg: 62fdf1f143b41e24485cea50d1cbac27 -> 
  custom:video-encoder-webm-vp8: eb34c28f22e8b96e1ab97ce403110664 -> 
  custom:video-decoder-webm-vp8: 9c59270c3fd7afecdb556c50c9e8de78 -> 
  custom:audio-decoder-ogg-vorbis: bf7c407c2cedff20999df2af8eb42d56 -> 
  custom:audio-encoder-webm-vorbis: bf7c407c2cedff20999df2af8eb42d56 -> 
========================================================================
Received Import Request.
  Time since last request: 8967.839129 seconds.
  path: Assets/Scenes/Game scene Terrain.asset
  artifactKey: Guid(70ac5279cc6c44b4e8710f5bc26eb73b) Importer(815301076,1909f56bfc062723c751e8b465ee728b)
Start importing Assets/Scenes/Game scene Terrain.asset using Guid(70ac5279cc6c44b4e8710f5bc26eb73b) Importer(815301076,1909f56bfc062723c751e8b465ee728b)  -> (artifact id: 'b34baa425aa4b62f947dbac6e144cac4') in 0.051389 seconds 
  Import took 0.055842 seconds .

========================================================================
Received Prepare
Registering precompiled user dll's ...
Registered in 0.002768 seconds.
Begin MonoManager ReloadAssembly
Native extension for WindowsStandalone target not found
Refreshing native plugins compatible for Editor in 0.56 ms, found 2 plugins.
Preloading 0 native plugins for Editor in 0.00 ms.
Mono: successfully reloaded assembly
- Completed reload, in  0.862 seconds
Domain Reload Profiling:
	ReloadAssembly (862ms)
		BeginReloadAssembly (94ms)
			ExecutionOrderSort (0ms)
			DisableScriptedObjects (3ms)
			BackupInstance (0ms)
			ReleaseScriptingObjects (0ms)
			CreateAndSetChildDomain (29ms)
		EndReloadAssembly (722ms)
			LoadAssemblies (68ms)
			RebuildTransferFunctionScriptingTraits (0ms)
			SetupTypeCache (261ms)
			ReleaseScriptCaches (1ms)
			RebuildScriptCaches (35ms)
			SetupLoadedEditorAssemblies (272ms)
				LogAssemblyErrors (0ms)
				InitializePlatformSupportModulesInManaged (3ms)
				SetLoadedEditorAssemblies (0ms)
				RefreshPlugins (1ms)
				BeforeProcessingInitializeOnLoad (68ms)
				ProcessInitializeOnLoadAttributes (187ms)
				ProcessInitializeOnLoadMethodAttributes (8ms)
				AfterProcessingInitializeOnLoad (3ms)
				EditorAssembliesLoaded (0ms)
			ExecutionOrderSort2 (0ms)
			AwakeInstancesAfterBackupRestoration (5ms)
Platform modules already initialized, skipping
Refreshing native plugins compatible for Editor in 0.56 ms, found 2 plugins.
Preloading 0 native plugins for Editor in 0.00 ms.
Unloading 3157 Unused Serialized files (Serialized files now loaded: 0)
System memory in use before: 147.4 MB.
System memory in use after: 147.7 MB.

Unloading 16 unused Assets to reduce memory usage. Loaded Objects now: 3689.
Total: 5.421100 ms (FindLiveObjects: 0.497800 ms CreateObjectMapping: 0.168200 ms MarkObjects: 4.742000 ms  DeleteObjects: 0.012500 ms)

AssetImportParameters requested are different than current active one (requested -> active):
  custom:framework-win-MediaFoundation: 216162199b28c13a410421893ffa2e32 -> 
  custom:video-decoder-ogg-theora: a1e56fd34408186e4bbccfd4996cb3dc -> 
  custom:container-muxer-webm: aa71ff27fc2769a1b78a27578f13a17b -> 
  custom:container-demuxer-webm: 4f35f7cbe854078d1ac9338744f61a02 -> 
  custom:container-demuxer-ogg: 62fdf1f143b41e24485cea50d1cbac27 -> 
  custom:video-encoder-webm-vp8: eb34c28f22e8b96e1ab97ce403110664 -> 
  custom:video-decoder-webm-vp8: 9c59270c3fd7afecdb556c50c9e8de78 -> 
  custom:audio-decoder-ogg-vorbis: bf7c407c2cedff20999df2af8eb42d56 -> 
  custom:audio-encoder-webm-vorbis: bf7c407c2cedff20999df2af8eb42d56 -> 
========================================================================
Received Import Request.
  Time since last request: 557.543589 seconds.
  path: Assets/Easy Weapons/Scripts/Weapon.cs
  artifactKey: Guid(7cfdbd9104e186642943082e0cd11378) Importer(815301076,1909f56bfc062723c751e8b465ee728b)
Start importing Assets/Easy Weapons/Scripts/Weapon.cs using Guid(7cfdbd9104e186642943082e0cd11378) Importer(815301076,1909f56bfc062723c751e8b465ee728b)  -> (artifact id: 'e5aeabeda787cfdcd75b85e6f424403e') in 0.010778 seconds 
  Import took 0.014963 seconds .

========================================================================
Received Prepare
Registering precompiled user dll's ...
Registered in 0.002672 seconds.
Begin MonoManager ReloadAssembly
Native extension for WindowsStandalone target not found
Refreshing native plugins compatible for Editor in 0.55 ms, found 2 plugins.
Preloading 0 native plugins for Editor in 0.00 ms.
Mono: successfully reloaded assembly
- Completed reload, in  0.841 seconds
Domain Reload Profiling:
	ReloadAssembly (841ms)
		BeginReloadAssembly (87ms)
			ExecutionOrderSort (0ms)
			DisableScriptedObjects (4ms)
			BackupInstance (0ms)
			ReleaseScriptingObjects (0ms)
			CreateAndSetChildDomain (28ms)
		EndReloadAssembly (708ms)
			LoadAssemblies (64ms)
			RebuildTransferFunctionScriptingTraits (0ms)
			SetupTypeCache (253ms)
			ReleaseScriptCaches (1ms)
			RebuildScriptCaches (36ms)
			SetupLoadedEditorAssemblies (265ms)
				LogAssemblyErrors (0ms)
				InitializePlatformSupportModulesInManaged (3ms)
				SetLoadedEditorAssemblies (0ms)
				RefreshPlugins (1ms)
				BeforeProcessingInitializeOnLoad (68ms)
				ProcessInitializeOnLoadAttributes (181ms)
				ProcessInitializeOnLoadMethodAttributes (8ms)
				AfterProcessingInitializeOnLoad (3ms)
				EditorAssembliesLoaded (0ms)
			ExecutionOrderSort2 (0ms)
			AwakeInstancesAfterBackupRestoration (5ms)
Platform modules already initialized, skipping
Refreshing native plugins compatible for Editor in 0.57 ms, found 2 plugins.
Preloading 0 native plugins for Editor in 0.00 ms.
Unloading 3157 Unused Serialized files (Serialized files now loaded: 0)
System memory in use before: 147.5 MB.
System memory in use after: 147.7 MB.

Unloading 16 unused Assets to reduce memory usage. Loaded Objects now: 3691.
Total: 3.015500 ms (FindLiveObjects: 0.278900 ms CreateObjectMapping: 0.155800 ms MarkObjects: 2.564500 ms  DeleteObjects: 0.014600 ms)

AssetImportParameters requested are different than current active one (requested -> active):
  custom:framework-win-MediaFoundation: 216162199b28c13a410421893ffa2e32 -> 
  custom:video-decoder-ogg-theora: a1e56fd34408186e4bbccfd4996cb3dc -> 
  custom:container-muxer-webm: aa71ff27fc2769a1b78a27578f13a17b -> 
  custom:container-demuxer-webm: 4f35f7cbe854078d1ac9338744f61a02 -> 
  custom:container-demuxer-ogg: 62fdf1f143b41e24485cea50d1cbac27 -> 
  custom:video-encoder-webm-vp8: eb34c28f22e8b96e1ab97ce403110664 -> 
  custom:video-decoder-webm-vp8: 9c59270c3fd7afecdb556c50c9e8de78 -> 
  custom:audio-decoder-ogg-vorbis: bf7c407c2cedff20999df2af8eb42d56 -> 
  custom:audio-encoder-webm-vorbis: bf7c407c2cedff20999df2af8eb42d56 -> 
========================================================================
Received Prepare
Registering precompiled user dll's ...
Registered in 0.002655 seconds.
Begin MonoManager ReloadAssembly
Native extension for WindowsStandalone target not found
Refreshing native plugins compatible for Editor in 0.57 ms, found 2 plugins.
Preloading 0 native plugins for Editor in 0.00 ms.
Mono: successfully reloaded assembly
- Completed reload, in  0.829 seconds
Domain Reload Profiling:
	ReloadAssembly (830ms)
		BeginReloadAssembly (91ms)
			ExecutionOrderSort (0ms)
			DisableScriptedObjects (3ms)
			BackupInstance (0ms)
			ReleaseScriptingObjects (0ms)
			CreateAndSetChildDomain (29ms)
		EndReloadAssembly (694ms)
			LoadAssemblies (64ms)
			RebuildTransferFunctionScriptingTraits (0ms)
			SetupTypeCache (248ms)
			ReleaseScriptCaches (1ms)
			RebuildScriptCaches (35ms)
			SetupLoadedEditorAssemblies (264ms)
				LogAssemblyErrors (0ms)
				InitializePlatformSupportModulesInManaged (3ms)
				SetLoadedEditorAssemblies (0ms)
				RefreshPlugins (1ms)
				BeforeProcessingInitializeOnLoad (67ms)
				ProcessInitializeOnLoadAttributes (182ms)
				ProcessInitializeOnLoadMethodAttributes (8ms)
				AfterProcessingInitializeOnLoad (3ms)
				EditorAssembliesLoaded (0ms)
			ExecutionOrderSort2 (0ms)
			AwakeInstancesAfterBackupRestoration (5ms)
Platform modules already initialized, skipping
Refreshing native plugins compatible for Editor in 0.56 ms, found 2 plugins.
Preloading 0 native plugins for Editor in 0.00 ms.
Unloading 3157 Unused Serialized files (Serialized files now loaded: 0)
System memory in use before: 147.5 MB.
System memory in use after: 147.7 MB.

Unloading 16 unused Assets to reduce memory usage. Loaded Objects now: 3693.
Total: 2.870300 ms (FindLiveObjects: 0.251400 ms CreateObjectMapping: 0.120100 ms MarkObjects: 2.485000 ms  DeleteObjects: 0.013000 ms)

AssetImportParameters requested are different than current active one (requested -> active):
  custom:framework-win-MediaFoundation: 216162199b28c13a410421893ffa2e32 -> 
  custom:video-decoder-ogg-theora: a1e56fd34408186e4bbccfd4996cb3dc -> 
  custom:container-muxer-webm: aa71ff27fc2769a1b78a27578f13a17b -> 
  custom:container-demuxer-webm: 4f35f7cbe854078d1ac9338744f61a02 -> 
  custom:container-demuxer-ogg: 62fdf1f143b41e24485cea50d1cbac27 -> 
  custom:video-encoder-webm-vp8: eb34c28f22e8b96e1ab97ce403110664 -> 
  custom:video-decoder-webm-vp8: 9c59270c3fd7afecdb556c50c9e8de78 -> 
  custom:audio-decoder-ogg-vorbis: bf7c407c2cedff20999df2af8eb42d56 -> 
  custom:audio-encoder-webm-vorbis: bf7c407c2cedff20999df2af8eb42d56 -> 
========================================================================
Received Import Request.
  Time since last request: 1968.326399 seconds.
  path: Assets/ExampleAssets/Models/Workbench_Low.fbx
  artifactKey: Guid(ff6dc36862fe41641bb21568d92147c9) Importer(815301076,1909f56bfc062723c751e8b465ee728b)
Start importing Assets/ExampleAssets/Models/Workbench_Low.fbx using Guid(ff6dc36862fe41641bb21568d92147c9) Importer(815301076,1909f56bfc062723c751e8b465ee728b)  -> (artifact id: '23ca2e5251d9104a3d5eae32a1af14ef') in 0.268334 seconds 
  Import took 0.274061 seconds .

========================================================================
Received Import Request.
  Time since last request: 0.000121 seconds.
  path: Assets/Presets/AudioStreaming.preset
  artifactKey: Guid(86bcce7f5575b54408aa0f3a7d321039) Importer(815301076,1909f56bfc062723c751e8b465ee728b)
Start importing Assets/Presets/AudioStreaming.preset using Guid(86bcce7f5575b54408aa0f3a7d321039) Importer(815301076,1909f56bfc062723c751e8b465ee728b)  -> (artifact id: '7dfeba0e839862419ace513930666de8') in 0.013332 seconds 
  Import took 0.017390 seconds .

========================================================================
Received Import Request.
  Time since last request: 0.000146 seconds.
  path: Assets/Easy Weapons/Demo/Freight Yard/Source/FBX/container_1.fbx
  artifactKey: Guid(884b80dcdd576244cbd2d918460ffd2d) Importer(815301076,1909f56bfc062723c751e8b465ee728b)
Start importing Assets/Easy Weapons/Demo/Freight Yard/Source/FBX/container_1.fbx using Guid(884b80dcdd576244cbd2d918460ffd2d) Importer(815301076,1909f56bfc062723c751e8b465ee728b)  -> (artifact id: 'b1df5770b74fd80fca36785c4a5cf143') in 0.069236 seconds 
  Import took 0.073759 seconds .

========================================================================
Received Import Request.
  Time since last request: 0.000205 seconds.
  path: Assets/Presets/AudioCompressedInMemory.preset
  artifactKey: Guid(2dd802e4d37c65149922028d3e973832) Importer(815301076,1909f56bfc062723c751e8b465ee728b)
Start importing Assets/Presets/AudioCompressedInMemory.preset using Guid(2dd802e4d37c65149922028d3e973832) Importer(815301076,1909f56bfc062723c751e8b465ee728b)  -> (artifact id: '34a1c54d3ad9e549cd91e2f32a0f45b3') in 0.011556 seconds 
  Import took 0.015534 seconds .

========================================================================
Received Import Request.
  Time since last request: 0.000126 seconds.
  path: Assets/ExampleAssets/Models/Workbench.fbx
  artifactKey: Guid(efe9381559c516743bd05cef82f39ebb) Importer(815301076,1909f56bfc062723c751e8b465ee728b)
Start importing Assets/ExampleAssets/Models/Workbench.fbx using Guid(efe9381559c516743bd05cef82f39ebb) Importer(815301076,1909f56bfc062723c751e8b465ee728b)  -> (artifact id: 'dbb70b2109e563381c1b2540d37fd680') in 0.072081 seconds 
  Import took 0.076246 seconds .

========================================================================
Received Import Request.
  Time since last request: 0.000114 seconds.
  path: Assets/StarterAssets/Environment/Art/Materials/Built-in_RP/BuiltInTriplanar_01_Mat.mat
  artifactKey: Guid(3300a5c4710bac244815734e484b3b90) Importer(815301076,1909f56bfc062723c751e8b465ee728b)
Start importing Assets/StarterAssets/Environment/Art/Materials/Built-in_RP/BuiltInTriplanar_01_Mat.mat using Guid(3300a5c4710bac244815734e484b3b90) Importer(815301076,1909f56bfc062723c751e8b465ee728b)  -> (artifact id: 'fbf2501266bdbc12bd734f077e12b4a2') in 0.419648 seconds 
  Import took 0.423614 seconds .

========================================================================
Received Import Request.
  Time since last request: 206.374797 seconds.
  path: Assets/Easy Weapons/Scripts/Explosion.cs
  artifactKey: Guid(f7190ff286432ad439c59553e7fc51e5) Importer(815301076,1909f56bfc062723c751e8b465ee728b)
Start importing Assets/Easy Weapons/Scripts/Explosion.cs using Guid(f7190ff286432ad439c59553e7fc51e5) Importer(815301076,1909f56bfc062723c751e8b465ee728b)  -> (artifact id: '4cda5a5111953b984f1cabe361a9b1f2') in 0.008348 seconds 
  Import took 0.012537 seconds .

========================================================================
Received Import Request.
  Time since last request: 16.292606 seconds.
  path: Assets/Scripts
  artifactKey: Guid(02a3527b6b33a924e8ec66aa805ea717) Importer(815301076,1909f56bfc062723c751e8b465ee728b)
Start importing Assets/Scripts using Guid(02a3527b6b33a924e8ec66aa805ea717) Importer(815301076,1909f56bfc062723c751e8b465ee728b)  -> (artifact id: '3d22bec3b2937c29cd085e1506c06094') in 0.010900 seconds 
  Import took 0.015828 seconds .

========================================================================
Received Import Request.
  Time since last request: 0.767572 seconds.
  path: Assets/Scripts/SimpleCameraController.cs
  artifactKey: Guid(be76e5f14cfee674cb30b491fb72b09b) Importer(815301076,1909f56bfc062723c751e8b465ee728b)
Start importing Assets/Scripts/SimpleCameraController.cs using Guid(be76e5f14cfee674cb30b491fb72b09b) Importer(815301076,1909f56bfc062723c751e8b465ee728b)  -> (artifact id: 'e6a794941a15252fee7bf727492298bd') in 0.009427 seconds 
  Import took 0.014433 seconds .

========================================================================
Received Prepare
Registering precompiled user dll's ...
Registered in 0.002673 seconds.
Begin MonoManager ReloadAssembly
Native extension for WindowsStandalone target not found
Refreshing native plugins compatible for Editor in 0.62 ms, found 2 plugins.
Preloading 0 native plugins for Editor in 0.00 ms.
Mono: successfully reloaded assembly
- Completed reload, in  0.850 seconds
Domain Reload Profiling:
	ReloadAssembly (850ms)
		BeginReloadAssembly (88ms)
			ExecutionOrderSort (0ms)
			DisableScriptedObjects (3ms)
			BackupInstance (0ms)
			ReleaseScriptingObjects (0ms)
			CreateAndSetChildDomain (30ms)
		EndReloadAssembly (715ms)
			LoadAssemblies (65ms)
			RebuildTransferFunctionScriptingTraits (0ms)
			SetupTypeCache (266ms)
			ReleaseScriptCaches (1ms)
			RebuildScriptCaches (35ms)
			SetupLoadedEditorAssemblies (264ms)
				LogAssemblyErrors (0ms)
				InitializePlatformSupportModulesInManaged (4ms)
				SetLoadedEditorAssemblies (0ms)
				RefreshPlugins (1ms)
				BeforeProcessingInitializeOnLoad (67ms)
				ProcessInitializeOnLoadAttributes (181ms)
				ProcessInitializeOnLoadMethodAttributes (8ms)
				AfterProcessingInitializeOnLoad (3ms)
				EditorAssembliesLoaded (0ms)
			ExecutionOrderSort2 (0ms)
			AwakeInstancesAfterBackupRestoration (5ms)
Platform modules already initialized, skipping
Refreshing native plugins compatible for Editor in 0.56 ms, found 2 plugins.
Preloading 0 native plugins for Editor in 0.00 ms.
Unloading 3158 Unused Serialized files (Serialized files now loaded: 0)
System memory in use before: 150.9 MB.
System memory in use after: 151.1 MB.

Unloading 16 unused Assets to reduce memory usage. Loaded Objects now: 3738.
Total: 3.129500 ms (FindLiveObjects: 0.244900 ms CreateObjectMapping: 0.129200 ms MarkObjects: 2.742100 ms  DeleteObjects: 0.012500 ms)

AssetImportParameters requested are different than current active one (requested -> active):
  custom:framework-win-MediaFoundation: 216162199b28c13a410421893ffa2e32 -> 
  custom:video-decoder-ogg-theora: a1e56fd34408186e4bbccfd4996cb3dc -> 
  custom:container-muxer-webm: aa71ff27fc2769a1b78a27578f13a17b -> 
  custom:container-demuxer-webm: 4f35f7cbe854078d1ac9338744f61a02 -> 
  custom:container-demuxer-ogg: 62fdf1f143b41e24485cea50d1cbac27 -> 
  custom:video-encoder-webm-vp8: eb34c28f22e8b96e1ab97ce403110664 -> 
  custom:video-decoder-webm-vp8: 9c59270c3fd7afecdb556c50c9e8de78 -> 
  custom:audio-decoder-ogg-vorbis: bf7c407c2cedff20999df2af8eb42d56 -> 
  custom:audio-encoder-webm-vorbis: bf7c407c2cedff20999df2af8eb42d56 -> 
========================================================================
Received Import Request.
  Time since last request: 28.873685 seconds.
  path: Assets/Scripts/Item.cs
  artifactKey: Guid(5d1425d1689d5ab438d83d878e7f1468) Importer(815301076,1909f56bfc062723c751e8b465ee728b)
Start importing Assets/Scripts/Item.cs using Guid(5d1425d1689d5ab438d83d878e7f1468) Importer(815301076,1909f56bfc062723c751e8b465ee728b)  -> (artifact id: 'dd923de6ba9d25a1cf0a20a78107ec2b') in 0.009619 seconds 
  Import took 0.013660 seconds .

========================================================================
Received Prepare
Registering precompiled user dll's ...
Registered in 0.002662 seconds.
Begin MonoManager ReloadAssembly
Native extension for WindowsStandalone target not found
Refreshing native plugins compatible for Editor in 0.59 ms, found 2 plugins.
Preloading 0 native plugins for Editor in 0.00 ms.
Mono: successfully reloaded assembly
- Completed reload, in  0.882 seconds
Domain Reload Profiling:
	ReloadAssembly (883ms)
		BeginReloadAssembly (98ms)
			ExecutionOrderSort (0ms)
			DisableScriptedObjects (3ms)
			BackupInstance (0ms)
			ReleaseScriptingObjects (0ms)
			CreateAndSetChildDomain (30ms)
		EndReloadAssembly (734ms)
			LoadAssemblies (67ms)
			RebuildTransferFunctionScriptingTraits (0ms)
			SetupTypeCache (273ms)
			ReleaseScriptCaches (1ms)
			RebuildScriptCaches (36ms)
			SetupLoadedEditorAssemblies (272ms)
				LogAssemblyErrors (0ms)
				InitializePlatformSupportModulesInManaged (3ms)
				SetLoadedEditorAssemblies (0ms)
				RefreshPlugins (1ms)
				BeforeProcessingInitializeOnLoad (70ms)
				ProcessInitializeOnLoadAttributes (185ms)
				ProcessInitializeOnLoadMethodAttributes (9ms)
				AfterProcessingInitializeOnLoad (3ms)
				EditorAssembliesLoaded (0ms)
			ExecutionOrderSort2 (0ms)
			AwakeInstancesAfterBackupRestoration (5ms)
Platform modules already initialized, skipping
Refreshing native plugins compatible for Editor in 0.56 ms, found 2 plugins.
Preloading 0 native plugins for Editor in 0.00 ms.
Unloading 3158 Unused Serialized files (Serialized files now loaded: 0)
System memory in use before: 150.9 MB.
System memory in use after: 151.1 MB.

Unloading 16 unused Assets to reduce memory usage. Loaded Objects now: 3740.
Total: 2.963600 ms (FindLiveObjects: 0.268000 ms CreateObjectMapping: 0.135700 ms MarkObjects: 2.546200 ms  DeleteObjects: 0.012800 ms)

AssetImportParameters requested are different than current active one (requested -> active):
  custom:framework-win-MediaFoundation: 216162199b28c13a410421893ffa2e32 -> 
  custom:video-decoder-ogg-theora: a1e56fd34408186e4bbccfd4996cb3dc -> 
  custom:container-muxer-webm: aa71ff27fc2769a1b78a27578f13a17b -> 
  custom:container-demuxer-webm: 4f35f7cbe854078d1ac9338744f61a02 -> 
  custom:container-demuxer-ogg: 62fdf1f143b41e24485cea50d1cbac27 -> 
  custom:video-encoder-webm-vp8: eb34c28f22e8b96e1ab97ce403110664 -> 
  custom:video-decoder-webm-vp8: 9c59270c3fd7afecdb556c50c9e8de78 -> 
  custom:audio-decoder-ogg-vorbis: bf7c407c2cedff20999df2af8eb42d56 -> 
  custom:audio-encoder-webm-vorbis: bf7c407c2cedff20999df2af8eb42d56 -> 
========================================================================
Received Import Request.
  Time since last request: 80.247186 seconds.
  path: Assets/Scripts/InventoryItem.cs
  artifactKey: Guid(5969bfc29290f974ea9859d824370354) Importer(815301076,1909f56bfc062723c751e8b465ee728b)
Start importing Assets/Scripts/InventoryItem.cs using Guid(5969bfc29290f974ea9859d824370354) Importer(815301076,1909f56bfc062723c751e8b465ee728b)  -> (artifact id: '51b36c49c2b646502a7771012f8ce362') in 0.009115 seconds 
  Import took 0.013463 seconds .

========================================================================
Received Import Request.
  Time since last request: 207.219294 seconds.
  path: Assets/Scripts/ItemClasses.cs
  artifactKey: Guid(9e3b89265264dcf40ac5fc480ec5bdcf) Importer(815301076,1909f56bfc062723c751e8b465ee728b)
Start importing Assets/Scripts/ItemClasses.cs using Guid(9e3b89265264dcf40ac5fc480ec5bdcf) Importer(815301076,1909f56bfc062723c751e8b465ee728b)  -> (artifact id: '5f7575ff55b8a95dddcd0028b4127f79') in 0.006332 seconds 
  Import took 0.011439 seconds .

========================================================================
Received Import Request.
  Time since last request: 0.009935 seconds.
  path: Assets/Scripts/ItemPicker.cs
  artifactKey: Guid(5d1425d1689d5ab438d83d878e7f1468) Importer(815301076,1909f56bfc062723c751e8b465ee728b)
Start importing Assets/Scripts/ItemPicker.cs using Guid(5d1425d1689d5ab438d83d878e7f1468) Importer(815301076,1909f56bfc062723c751e8b465ee728b)  -> (artifact id: '473d25057364ba4800ad56c0742d637e') in 0.006177 seconds 
  Import took 0.010235 seconds .

========================================================================
Received Import Request.
  Time since last request: 12.136602 seconds.
  path: Assets/Scripts/ItemClasses.cs
  artifactKey: Guid(9e3b89265264dcf40ac5fc480ec5bdcf) Importer(815301076,1909f56bfc062723c751e8b465ee728b)
Start importing Assets/Scripts/ItemClasses.cs using Guid(9e3b89265264dcf40ac5fc480ec5bdcf) Importer(815301076,1909f56bfc062723c751e8b465ee728b)  -> (artifact id: '1e1d0a5ce10bc78d422df2e8debfb997') in 0.002025 seconds 
  Import took 0.006205 seconds .

========================================================================
Received Import Request.
  Time since last request: 78.452723 seconds.
  path: Assets/Scripts/Inventory.cs
  artifactKey: Guid(b4b25326853caf24e9eb49f38fb50a1a) Importer(815301076,1909f56bfc062723c751e8b465ee728b)
Start importing Assets/Scripts/Inventory.cs using Guid(b4b25326853caf24e9eb49f38fb50a1a) Importer(815301076,1909f56bfc062723c751e8b465ee728b)  -> (artifact id: 'e668c5493e7095cbf3b308f6940a733b') in 0.005721 seconds 
  Import took 0.010364 seconds .

========================================================================
Received Import Request.
  Time since last request: 414.761324 seconds.
  path: Assets/Scripts/SerializedInventory.cs
  artifactKey: Guid(c29d5bbe5f3299a4983a6d606374703e) Importer(815301076,1909f56bfc062723c751e8b465ee728b)
Start importing Assets/Scripts/SerializedInventory.cs using Guid(c29d5bbe5f3299a4983a6d606374703e) Importer(815301076,1909f56bfc062723c751e8b465ee728b)  -> (artifact id: '4000b4aaf9395b4039efbb53cd4b71dd') in 0.006002 seconds 
  Import took 0.011024 seconds .

========================================================================
Received Import Request.
  Time since last request: 195.354382 seconds.
  path: Assets/Scripts/SerializedInventory.cs
  artifactKey: Guid(c29d5bbe5f3299a4983a6d606374703e) Importer(815301076,1909f56bfc062723c751e8b465ee728b)
Start importing Assets/Scripts/SerializedInventory.cs using Guid(c29d5bbe5f3299a4983a6d606374703e) Importer(815301076,1909f56bfc062723c751e8b465ee728b)  -> (artifact id: '976a55f5c238e3d8c880a371e9e1edb4') in 0.002079 seconds 
  Import took 0.006443 seconds .

========================================================================
Received Import Request.
  Time since last request: 142.048433 seconds.
  path: Assets/Scripts/InventorySlot.cs
  artifactKey: Guid(0ca32a4ef6ca1b445a35d00d9631c652) Importer(815301076,1909f56bfc062723c751e8b465ee728b)
Start importing Assets/Scripts/InventorySlot.cs using Guid(0ca32a4ef6ca1b445a35d00d9631c652) Importer(815301076,1909f56bfc062723c751e8b465ee728b)  -> (artifact id: '798b6efc3764f2176e0d9a0c2c24bc1b') in 0.006206 seconds 
  Import took 0.010624 seconds .

========================================================================
Received Import Request.
  Time since last request: 0.010889 seconds.
  path: Assets/Scripts/ItemPicker.cs
  artifactKey: Guid(5d1425d1689d5ab438d83d878e7f1468) Importer(815301076,1909f56bfc062723c751e8b465ee728b)
Start importing Assets/Scripts/ItemPicker.cs using Guid(5d1425d1689d5ab438d83d878e7f1468) Importer(815301076,1909f56bfc062723c751e8b465ee728b)  -> (artifact id: 'e47c47fe52cae7da3d8444e9740d1625') in 0.001969 seconds 
  Import took 0.006094 seconds .

========================================================================
Received Prepare
Registering precompiled user dll's ...
Registered in 0.003090 seconds.
Begin MonoManager ReloadAssembly
Native extension for WindowsStandalone target not found
Refreshing native plugins compatible for Editor in 0.56 ms, found 2 plugins.
Preloading 0 native plugins for Editor in 0.00 ms.
Mono: successfully reloaded assembly
- Completed reload, in  0.851 seconds
Domain Reload Profiling:
	ReloadAssembly (851ms)
		BeginReloadAssembly (92ms)
			ExecutionOrderSort (0ms)
			DisableScriptedObjects (4ms)
			BackupInstance (0ms)
			ReleaseScriptingObjects (0ms)
			CreateAndSetChildDomain (29ms)
		EndReloadAssembly (710ms)
			LoadAssemblies (65ms)
			RebuildTransferFunctionScriptingTraits (0ms)
			SetupTypeCache (257ms)
			ReleaseScriptCaches (1ms)
			RebuildScriptCaches (41ms)
			SetupLoadedEditorAssemblies (262ms)
				LogAssemblyErrors (0ms)
				InitializePlatformSupportModulesInManaged (3ms)
				SetLoadedEditorAssemblies (0ms)
				RefreshPlugins (1ms)
				BeforeProcessingInitializeOnLoad (66ms)
				ProcessInitializeOnLoadAttributes (180ms)
				ProcessInitializeOnLoadMethodAttributes (8ms)
				AfterProcessingInitializeOnLoad (3ms)
				EditorAssembliesLoaded (0ms)
			ExecutionOrderSort2 (0ms)
			AwakeInstancesAfterBackupRestoration (6ms)
Platform modules already initialized, skipping
Refreshing native plugins compatible for Editor in 0.56 ms, found 2 plugins.
Preloading 0 native plugins for Editor in 0.00 ms.
Unloading 3163 Unused Serialized files (Serialized files now loaded: 0)
System memory in use before: 151.1 MB.
System memory in use after: 151.3 MB.

Unloading 16 unused Assets to reduce memory usage. Loaded Objects now: 3747.
Total: 2.925400 ms (FindLiveObjects: 0.257800 ms CreateObjectMapping: 0.132200 ms MarkObjects: 2.521100 ms  DeleteObjects: 0.013600 ms)

AssetImportParameters requested are different than current active one (requested -> active):
  custom:framework-win-MediaFoundation: 216162199b28c13a410421893ffa2e32 -> 
  custom:video-decoder-ogg-theora: a1e56fd34408186e4bbccfd4996cb3dc -> 
  custom:container-muxer-webm: aa71ff27fc2769a1b78a27578f13a17b -> 
  custom:container-demuxer-webm: 4f35f7cbe854078d1ac9338744f61a02 -> 
  custom:container-demuxer-ogg: 62fdf1f143b41e24485cea50d1cbac27 -> 
  custom:video-encoder-webm-vp8: eb34c28f22e8b96e1ab97ce403110664 -> 
  custom:video-decoder-webm-vp8: 9c59270c3fd7afecdb556c50c9e8de78 -> 
  custom:audio-decoder-ogg-vorbis: bf7c407c2cedff20999df2af8eb42d56 -> 
  custom:audio-encoder-webm-vorbis: bf7c407c2cedff20999df2af8eb42d56 -> 
========================================================================
Received Import Request.
  Time since last request: 71.821643 seconds.
  path: Assets/Scripts/InventorySlot.cs
  artifactKey: Guid(0ca32a4ef6ca1b445a35d00d9631c652) Importer(815301076,1909f56bfc062723c751e8b465ee728b)
Start importing Assets/Scripts/InventorySlot.cs using Guid(0ca32a4ef6ca1b445a35d00d9631c652) Importer(815301076,1909f56bfc062723c751e8b465ee728b)  -> (artifact id: '429859020d0d3184e30fab440bb20564') in 0.006326 seconds 
  Import took 0.011933 seconds .

========================================================================
Received Import Request.
  Time since last request: 603.233510 seconds.
  path: Assets/Scripts/NewBehaviourScript.cs
  artifactKey: Guid(328ea048bd7c33b41a1592f956b29e73) Importer(815301076,1909f56bfc062723c751e8b465ee728b)
Start importing Assets/Scripts/NewBehaviourScript.cs using Guid(328ea048bd7c33b41a1592f956b29e73) Importer(815301076,1909f56bfc062723c751e8b465ee728b)  -> (artifact id: '3842083bf7387cbd3c3076bdfb837f16') in 0.006282 seconds 
  Import took 0.011365 seconds .

========================================================================
Received Import Request.
  Time since last request: 13.217019 seconds.
  path: Assets/Scripts/InventoryDisplay.cs
  artifactKey: Guid(942bfecef5c447a438aba09e9110196b) Importer(815301076,1909f56bfc062723c751e8b465ee728b)
Start importing Assets/Scripts/InventoryDisplay.cs using Guid(942bfecef5c447a438aba09e9110196b) Importer(815301076,1909f56bfc062723c751e8b465ee728b)  -> (artifact id: '19fb663eb2c447aa73b268b6cfde92a2') in 0.007348 seconds 
  Import took 0.012178 seconds .

========================================================================
Received Import Request.
  Time since last request: 0.038108 seconds.
  path: Assets/Scripts/InventorySlot.cs
  artifactKey: Guid(0ca32a4ef6ca1b445a35d00d9631c652) Importer(815301076,1909f56bfc062723c751e8b465ee728b)
Start importing Assets/Scripts/InventorySlot.cs using Guid(0ca32a4ef6ca1b445a35d00d9631c652) Importer(815301076,1909f56bfc062723c751e8b465ee728b)  -> (artifact id: '966bdd2c681125963b7501b0202a32e7') in 0.002056 seconds 
  Import took 0.006594 seconds .

========================================================================
Received Import Request.
  Time since last request: 166.484375 seconds.
  path: Assets/Scripts/Inventory.cs
  artifactKey: Guid(b4b25326853caf24e9eb49f38fb50a1a) Importer(815301076,1909f56bfc062723c751e8b465ee728b)
Start importing Assets/Scripts/Inventory.cs using Guid(b4b25326853caf24e9eb49f38fb50a1a) Importer(815301076,1909f56bfc062723c751e8b465ee728b)  -> (artifact id: '7efdc650b6ddfe2230e202942dbb7ef9') in 0.003284 seconds 
  Import took 0.009178 seconds .

========================================================================
Received Import Request.
  Time since last request: 64.709236 seconds.
  path: Assets/Scripts/ItemClasses.cs
  artifactKey: Guid(9e3b89265264dcf40ac5fc480ec5bdcf) Importer(815301076,1909f56bfc062723c751e8b465ee728b)
Start importing Assets/Scripts/ItemClasses.cs using Guid(9e3b89265264dcf40ac5fc480ec5bdcf) Importer(815301076,1909f56bfc062723c751e8b465ee728b)  -> (artifact id: '4613c0761790bf5f3e5aeaa2f01ff88e') in 0.005822 seconds 
  Import took 0.010083 seconds .

========================================================================
Received Import Request.
  Time since last request: 28.585391 seconds.
  path: Assets/Scripts/SerializedInventory.cs
  artifactKey: Guid(c29d5bbe5f3299a4983a6d606374703e) Importer(815301076,1909f56bfc062723c751e8b465ee728b)
Start importing Assets/Scripts/SerializedInventory.cs using Guid(c29d5bbe5f3299a4983a6d606374703e) Importer(815301076,1909f56bfc062723c751e8b465ee728b)  -> (artifact id: '132c4398382d2b8a0dbb6c95bfbb4861') in 0.002098 seconds 
  Import took 0.006324 seconds .

========================================================================
Received Import Request.
  Time since last request: 2.326190 seconds.
  path: Assets/Scripts/InventoryItem.cs
  artifactKey: Guid(5969bfc29290f974ea9859d824370354) Importer(815301076,1909f56bfc062723c751e8b465ee728b)
Start importing Assets/Scripts/InventoryItem.cs using Guid(5969bfc29290f974ea9859d824370354) Importer(815301076,1909f56bfc062723c751e8b465ee728b)  -> (artifact id: 'd34cca12315e50778a4ac21197ebfee9') in 0.002835 seconds 
  Import took 0.008691 seconds .

========================================================================
Received Import Request.
  Time since last request: 32.082406 seconds.
  path: Assets/Scripts/InventorySlot.cs
  artifactKey: Guid(0ca32a4ef6ca1b445a35d00d9631c652) Importer(815301076,1909f56bfc062723c751e8b465ee728b)
Start importing Assets/Scripts/InventorySlot.cs using Guid(0ca32a4ef6ca1b445a35d00d9631c652) Importer(815301076,1909f56bfc062723c751e8b465ee728b)  -> (artifact id: '3c9e2030e71a88a75f9ba19207bf6daa') in 0.002056 seconds 
  Import took 0.006252 seconds .

========================================================================
Received Prepare
Registering precompiled user dll's ...
Registered in 0.002687 seconds.
Begin MonoManager ReloadAssembly
Native extension for WindowsStandalone target not found
Refreshing native plugins compatible for Editor in 0.58 ms, found 2 plugins.
Preloading 0 native plugins for Editor in 0.00 ms.
Mono: successfully reloaded assembly
- Completed reload, in  0.835 seconds
Domain Reload Profiling:
	ReloadAssembly (836ms)
		BeginReloadAssembly (95ms)
			ExecutionOrderSort (0ms)
			DisableScriptedObjects (4ms)
			BackupInstance (0ms)
			ReleaseScriptingObjects (0ms)
			CreateAndSetChildDomain (30ms)
		EndReloadAssembly (696ms)
			LoadAssemblies (65ms)
			RebuildTransferFunctionScriptingTraits (0ms)
			SetupTypeCache (248ms)
			ReleaseScriptCaches (1ms)
			RebuildScriptCaches (36ms)
			SetupLoadedEditorAssemblies (264ms)
				LogAssemblyErrors (0ms)
				InitializePlatformSupportModulesInManaged (3ms)
				SetLoadedEditorAssemblies (0ms)
				RefreshPlugins (1ms)
				BeforeProcessingInitializeOnLoad (66ms)
				ProcessInitializeOnLoadAttributes (182ms)
				ProcessInitializeOnLoadMethodAttributes (8ms)
				AfterProcessingInitializeOnLoad (4ms)
				EditorAssembliesLoaded (0ms)
			ExecutionOrderSort2 (0ms)
			AwakeInstancesAfterBackupRestoration (5ms)
Platform modules already initialized, skipping
Refreshing native plugins compatible for Editor in 0.59 ms, found 2 plugins.
Preloading 0 native plugins for Editor in 0.00 ms.
Unloading 3159 Unused Serialized files (Serialized files now loaded: 0)
System memory in use before: 151.0 MB.
System memory in use after: 151.2 MB.

Unloading 20 unused Assets to reduce memory usage. Loaded Objects now: 3745.
Total: 3.101700 ms (FindLiveObjects: 0.303700 ms CreateObjectMapping: 0.159200 ms MarkObjects: 2.620200 ms  DeleteObjects: 0.017500 ms)

AssetImportParameters requested are different than current active one (requested -> active):
  custom:framework-win-MediaFoundation: 216162199b28c13a410421893ffa2e32 -> 
  custom:video-decoder-ogg-theora: a1e56fd34408186e4bbccfd4996cb3dc -> 
  custom:container-muxer-webm: aa71ff27fc2769a1b78a27578f13a17b -> 
  custom:container-demuxer-webm: 4f35f7cbe854078d1ac9338744f61a02 -> 
  custom:container-demuxer-ogg: 62fdf1f143b41e24485cea50d1cbac27 -> 
  custom:video-encoder-webm-vp8: eb34c28f22e8b96e1ab97ce403110664 -> 
  custom:video-decoder-webm-vp8: 9c59270c3fd7afecdb556c50c9e8de78 -> 
  custom:audio-decoder-ogg-vorbis: bf7c407c2cedff20999df2af8eb42d56 -> 
  custom:audio-encoder-webm-vorbis: bf7c407c2cedff20999df2af8eb42d56 -> 
========================================================================
Received Prepare
Registering precompiled user dll's ...
Registered in 0.004649 seconds.
Begin MonoManager ReloadAssembly
Native extension for WindowsStandalone target not found
Refreshing native plugins compatible for Editor in 0.65 ms, found 2 plugins.
Preloading 0 native plugins for Editor in 0.00 ms.
Mono: successfully reloaded assembly
- Completed reload, in  0.874 seconds
Domain Reload Profiling:
	ReloadAssembly (874ms)
		BeginReloadAssembly (96ms)
			ExecutionOrderSort (0ms)
			DisableScriptedObjects (4ms)
			BackupInstance (0ms)
			ReleaseScriptingObjects (0ms)
			CreateAndSetChildDomain (30ms)
		EndReloadAssembly (731ms)
			LoadAssemblies (66ms)
			RebuildTransferFunctionScriptingTraits (0ms)
			SetupTypeCache (267ms)
			ReleaseScriptCaches (1ms)
			RebuildScriptCaches (38ms)
			SetupLoadedEditorAssemblies (269ms)
				LogAssemblyErrors (0ms)
				InitializePlatformSupportModulesInManaged (4ms)
				SetLoadedEditorAssemblies (0ms)
				RefreshPlugins (1ms)
				BeforeProcessingInitializeOnLoad (68ms)
				ProcessInitializeOnLoadAttributes (184ms)
				ProcessInitializeOnLoadMethodAttributes (9ms)
				AfterProcessingInitializeOnLoad (3ms)
				EditorAssembliesLoaded (0ms)
			ExecutionOrderSort2 (0ms)
			AwakeInstancesAfterBackupRestoration (5ms)
Platform modules already initialized, skipping
Shader 'TextMeshPro/Distance Field Overlay': fallback shader 'TextMeshPro/Mobile/Distance Field' not found
Shader 'TextMeshPro/Distance Field': fallback shader 'TextMeshPro/Mobile/Distance Field' not found
Refreshing native plugins compatible for Editor in 0.66 ms, found 2 plugins.
Preloading 0 native plugins for Editor in 0.00 ms.
Unloading 3280 Unused Serialized files (Serialized files now loaded: 0)
System memory in use before: 159.2 MB.
System memory in use after: 157.1 MB.

Unloading 48 unused Assets to reduce memory usage. Loaded Objects now: 3836.
Total: 4.088700 ms (FindLiveObjects: 0.305600 ms CreateObjectMapping: 0.150500 ms MarkObjects: 2.665300 ms  DeleteObjects: 0.966500 ms)

AssetImportParameters requested are different than current active one (requested -> active):
  custom:framework-win-MediaFoundation: 216162199b28c13a410421893ffa2e32 -> 
  custom:video-decoder-ogg-theora: a1e56fd34408186e4bbccfd4996cb3dc -> 
  custom:container-muxer-webm: aa71ff27fc2769a1b78a27578f13a17b -> 
  custom:container-demuxer-webm: 4f35f7cbe854078d1ac9338744f61a02 -> 
  custom:container-demuxer-ogg: 62fdf1f143b41e24485cea50d1cbac27 -> 
  custom:video-encoder-webm-vp8: eb34c28f22e8b96e1ab97ce403110664 -> 
  custom:video-decoder-webm-vp8: 9c59270c3fd7afecdb556c50c9e8de78 -> 
  custom:audio-decoder-ogg-vorbis: bf7c407c2cedff20999df2af8eb42d56 -> 
  custom:audio-encoder-webm-vorbis: bf7c407c2cedff20999df2af8eb42d56 -> 
========================================================================
Received Import Request.
  Time since last request: 2393.022968 seconds.
  path: Assets/NewLayer.terrainlayer
  artifactKey: Guid(ecbab12173333814f92abf28d47a9cbe) Importer(815301076,1909f56bfc062723c751e8b465ee728b)
Start importing Assets/NewLayer.terrainlayer using Guid(ecbab12173333814f92abf28d47a9cbe) Importer(815301076,1909f56bfc062723c751e8b465ee728b)  -> (artifact id: '2f81c2455ba229b75c7d948c8c513d30') in 0.106989 seconds 
  Import took 0.112461 seconds .

========================================================================
Received Import Request.
  Time since last request: 0.000160 seconds.
  path: Assets/Easy Weapons/Demo/Freight Yard/Source/Terrain Textures/sand_seamless_1.tif
  artifactKey: Guid(2c8e022b8b7b39b428e4de363f20531d) Importer(815301076,1909f56bfc062723c751e8b465ee728b)
Start importing Assets/Easy Weapons/Demo/Freight Yard/Source/Terrain Textures/sand_seamless_1.tif using Guid(2c8e022b8b7b39b428e4de363f20531d) Importer(815301076,1909f56bfc062723c751e8b465ee728b)  -> (artifact id: '3988811a0c4ec318cf7bc628a31b3add') in 0.033909 seconds 
  Import took 0.038797 seconds .

========================================================================
Received Import Request.
  Time since last request: 88.305783 seconds.
  path: Assets/_/Base/BaseScripts/CharacterAimHandler.cs
  artifactKey: Guid(1ec0bd1be881665458d304a087f60127) Importer(815301076,1909f56bfc062723c751e8b465ee728b)
Start importing Assets/_/Base/BaseScripts/CharacterAimHandler.cs using Guid(1ec0bd1be881665458d304a087f60127) Importer(815301076,1909f56bfc062723c751e8b465ee728b)  -> (artifact id: 'c0887f525710011924dfccd25d613a96') in 0.007747 seconds 
  Import took 0.012295 seconds .

========================================================================
Received Import Request.
  Time since last request: 0.639824 seconds.
  path: Assets/_/Base/BaseScripts/CharacterPositionMovementHandler.cs
  artifactKey: Guid(271714f20054cb040a11e047cf140534) Importer(815301076,1909f56bfc062723c751e8b465ee728b)
Start importing Assets/_/Base/BaseScripts/CharacterPositionMovementHandler.cs using Guid(271714f20054cb040a11e047cf140534) Importer(815301076,1909f56bfc062723c751e8b465ee728b)  -> (artifact id: '6bc362886e4e3711d85b5c0eaede5f2e') in 0.009266 seconds 
  Import took 0.015232 seconds .

========================================================================
Received Import Request.
  Time since last request: 0.918891 seconds.
  path: Assets/_/Base/BaseScripts/CharacterSwordHandler.cs
  artifactKey: Guid(ebd444d2909ec6340aa3148b7d086537) Importer(815301076,1909f56bfc062723c751e8b465ee728b)
Start importing Assets/_/Base/BaseScripts/CharacterSwordHandler.cs using Guid(ebd444d2909ec6340aa3148b7d086537) Importer(815301076,1909f56bfc062723c751e8b465ee728b)  -> (artifact id: 'b2e1b589619685c813d7c2cc3963ed91') in 0.007808 seconds 
  Import took 0.012077 seconds .

========================================================================
Received Import Request.
  Time since last request: 1.099754 seconds.
  path: Assets/_/Base/BaseScripts/CharacterWaypointsHandler.cs
  artifactKey: Guid(4567e24f574663b4ba6230a89e43a190) Importer(815301076,1909f56bfc062723c751e8b465ee728b)
Start importing Assets/_/Base/BaseScripts/CharacterWaypointsHandler.cs using Guid(4567e24f574663b4ba6230a89e43a190) Importer(815301076,1909f56bfc062723c751e8b465ee728b)  -> (artifact id: '21ef496fb8e9ad92ca3309a471b4067a') in 0.006356 seconds 
  Import took 0.010681 seconds .

========================================================================
Received Import Request.
  Time since last request: 1.311756 seconds.
  path: Assets/_/Base/BaseScripts/Enemy.cs
  artifactKey: Guid(e27075ee0046afe40a0f3e99f510f68e) Importer(815301076,1909f56bfc062723c751e8b465ee728b)
Start importing Assets/_/Base/BaseScripts/Enemy.cs using Guid(e27075ee0046afe40a0f3e99f510f68e) Importer(815301076,1909f56bfc062723c751e8b465ee728b)  -> (artifact id: 'fbce7cbb789debf96f5c218b6983c109') in 0.006145 seconds 
  Import took 0.010461 seconds .

========================================================================
Received Import Request.
  Time since last request: 0.018350 seconds.
  path: Assets/_/Base/BaseScripts/Enemy_Base.cs
  artifactKey: Guid(68dfee1c118c53c4c83b446b71cef725) Importer(815301076,1909f56bfc062723c751e8b465ee728b)
Start importing Assets/_/Base/BaseScripts/Enemy_Base.cs using Guid(68dfee1c118c53c4c83b446b71cef725) Importer(815301076,1909f56bfc062723c751e8b465ee728b)  -> (artifact id: 'a7dae911beeea067f74b3c6f7fde1ee6') in 0.006106 seconds 
  Import took 0.010483 seconds .

========================================================================
Received Import Request.
  Time since last request: 0.021896 seconds.
  path: Assets/_/Base/BaseScripts/EnemyHandler.cs
  artifactKey: Guid(d0bc538a6432c2941a35032fc64ceefd) Importer(815301076,1909f56bfc062723c751e8b465ee728b)
Start importing Assets/_/Base/BaseScripts/EnemyHandler.cs using Guid(d0bc538a6432c2941a35032fc64ceefd) Importer(815301076,1909f56bfc062723c751e8b465ee728b)  -> (artifact id: '4aff6b2477966b35ba50ffe749e92684') in 0.006030 seconds 
  Import took 0.010347 seconds .

========================================================================
Received Import Request.
  Time since last request: 0.019702 seconds.
  path: Assets/_/Base/BaseScripts/FlyingBody.cs
  artifactKey: Guid(7b973c9d3b04a8441b17e42d4e35c833) Importer(815301076,1909f56bfc062723c751e8b465ee728b)
Start importing Assets/_/Base/BaseScripts/FlyingBody.cs using Guid(7b973c9d3b04a8441b17e42d4e35c833) Importer(815301076,1909f56bfc062723c751e8b465ee728b)  -> (artifact id: 'e12525626812e5380b9e1385042bce38') in 0.006108 seconds 
  Import took 0.010406 seconds .

========================================================================
Received Import Request.
  Time since last request: 0.035464 seconds.
  path: Assets/_/Base/BaseScripts/GameHandler_Setup.cs
  artifactKey: Guid(f6da68fdbc29104498109291ab000b24) Importer(815301076,1909f56bfc062723c751e8b465ee728b)
Start importing Assets/_/Base/BaseScripts/GameHandler_Setup.cs using Guid(f6da68fdbc29104498109291ab000b24) Importer(815301076,1909f56bfc062723c751e8b465ee728b)  -> (artifact id: 'fab9522ece11214d4bf6480abf3ba1e1') in 0.006037 seconds 
  Import took 0.010408 seconds .

========================================================================
Received Import Request.
  Time since last request: 0.023909 seconds.
  path: Assets/_/Base/BaseScripts/HealthSystem.cs
  artifactKey: Guid(45750d1b1dc3dc842a66056e03c045d1) Importer(815301076,1909f56bfc062723c751e8b465ee728b)
Start importing Assets/_/Base/BaseScripts/HealthSystem.cs using Guid(45750d1b1dc3dc842a66056e03c045d1) Importer(815301076,1909f56bfc062723c751e8b465ee728b)  -> (artifact id: '7cbb6c391d7f15be13317401a3c8bd6b') in 0.006149 seconds 
  Import took 0.010491 seconds .

========================================================================
Received Import Request.
  Time since last request: 0.017491 seconds.
  path: Assets/_/Base/BaseScripts/MaterialTintColor.cs
  artifactKey: Guid(6893fa1527270f948afbfeaee5536ed9) Importer(815301076,1909f56bfc062723c751e8b465ee728b)
Start importing Assets/_/Base/BaseScripts/MaterialTintColor.cs using Guid(6893fa1527270f948afbfeaee5536ed9) Importer(815301076,1909f56bfc062723c751e8b465ee728b)  -> (artifact id: 'fac29bcea88509b7ed7c553ecc42d1d4') in 0.006332 seconds 
  Import took 0.010733 seconds .

========================================================================
Received Import Request.
  Time since last request: 0.019626 seconds.
  path: Assets/_/Base/BaseScripts/Player.cs
  artifactKey: Guid(d31944f6bba99384b94445338581ef29) Importer(815301076,1909f56bfc062723c751e8b465ee728b)
Start importing Assets/_/Base/BaseScripts/Player.cs using Guid(d31944f6bba99384b94445338581ef29) Importer(815301076,1909f56bfc062723c751e8b465ee728b)  -> (artifact id: '3cc5fc70582af43725b8fb4d82eacb97') in 0.005920 seconds 
  Import took 0.010280 seconds .

========================================================================
Received Import Request.
  Time since last request: 0.024754 seconds.
  path: Assets/_/Base/BaseScripts/Player_Base.cs
  artifactKey: Guid(815f8ad50ab994b40abf93d2478e2447) Importer(815301076,1909f56bfc062723c751e8b465ee728b)
Start importing Assets/_/Base/BaseScripts/Player_Base.cs using Guid(815f8ad50ab994b40abf93d2478e2447) Importer(815301076,1909f56bfc062723c751e8b465ee728b)  -> (artifact id: '7d309b66b9346b667b48148c47878347') in 0.006807 seconds 
  Import took 0.011113 seconds .

========================================================================
Received Import Request.
  Time since last request: 0.723483 seconds.
  path: Assets/_/Base/BaseScripts/PlayerPositionMovement.cs
  artifactKey: Guid(8e0395d17fbcad34c90808d658484141) Importer(815301076,1909f56bfc062723c751e8b465ee728b)
Start importing Assets/_/Base/BaseScripts/PlayerPositionMovement.cs using Guid(8e0395d17fbcad34c90808d658484141) Importer(815301076,1909f56bfc062723c751e8b465ee728b)  -> (artifact id: '002b9e3025f3d1f366a007236c89d6c8') in 0.007789 seconds 
  Import took 0.014418 seconds .

========================================================================
Received Import Request.
  Time since last request: 0.846766 seconds.
  path: Assets/_/Base/BaseScripts/PlayerPunch.cs
  artifactKey: Guid(e2219cdb5eda4ec489ca69867a4d3eba) Importer(815301076,1909f56bfc062723c751e8b465ee728b)
Start importing Assets/_/Base/BaseScripts/PlayerPunch.cs using Guid(e2219cdb5eda4ec489ca69867a4d3eba) Importer(815301076,1909f56bfc062723c751e8b465ee728b)  -> (artifact id: 'd64dce69e5b34e54d16e5967e3565b21') in 0.012180 seconds 
  Import took 0.020790 seconds .

========================================================================
Received Import Request.
  Time since last request: 0.171798 seconds.
  path: Assets/_/Base/BaseScripts/PlayerSword.cs
  artifactKey: Guid(d85782c4224b66049b225b9a91486c65) Importer(815301076,1909f56bfc062723c751e8b465ee728b)
Start importing Assets/_/Base/BaseScripts/PlayerSword.cs using Guid(d85782c4224b66049b225b9a91486c65) Importer(815301076,1909f56bfc062723c751e8b465ee728b)  -> (artifact id: 'ceabc06bcddccb3be2e3cfdae8a00d98') in 0.006174 seconds 
  Import took 0.013078 seconds .

========================================================================
Received Import Request.
  Time since last request: 0.292946 seconds.
  path: Assets/_/Base/2DRenderer.asset
  artifactKey: Guid(ed10a5df6f26b374193c068a65e675a7) Importer(815301076,1909f56bfc062723c751e8b465ee728b)
Start importing Assets/_/Base/2DRenderer.asset using Guid(ed10a5df6f26b374193c068a65e675a7) Importer(815301076,1909f56bfc062723c751e8b465ee728b)  -> (artifact id: '5c1df2f82f951f349287d7e072b6ef79') in 0.025610 seconds 
  Import took 0.030488 seconds .

========================================================================
Received Import Request.
  Time since last request: 0.178181 seconds.
  path: Assets/_/Base/GameScene_Base.unity
  artifactKey: Guid(7b983534fcd6adb4d8ec50e55837c14a) Importer(815301076,1909f56bfc062723c751e8b465ee728b)
Start importing Assets/_/Base/GameScene_Base.unity using Guid(7b983534fcd6adb4d8ec50e55837c14a) Importer(815301076,1909f56bfc062723c751e8b465ee728b)  -> (artifact id: '625242b1002a0fce1815a3da208c7090') in 0.009394 seconds 
  Import took 0.015515 seconds .

========================================================================
Received Import Request.
  Time since last request: 120.998851 seconds.
  path: Assets/Inventory
  artifactKey: Guid(1715d45232aa1a4418f279d9032296d6) Importer(815301076,1909f56bfc062723c751e8b465ee728b)
Start importing Assets/Inventory using Guid(1715d45232aa1a4418f279d9032296d6) Importer(815301076,1909f56bfc062723c751e8b465ee728b)  -> (artifact id: '675483d28ea6d8ae82465488d02fa15d') in 0.010990 seconds 
  Import took 0.017591 seconds .

========================================================================
Received Import Request.
  Time since last request: 15.094091 seconds.
  path: Assets/Inventory/Scripts/Inventory.cs
  artifactKey: Guid(ec78bf983d0718c42ad87c7893bbf77a) Importer(815301076,1909f56bfc062723c751e8b465ee728b)
Start importing Assets/Inventory/Scripts/Inventory.cs using Guid(ec78bf983d0718c42ad87c7893bbf77a) Importer(815301076,1909f56bfc062723c751e8b465ee728b)  -> (artifact id: '02843870484435547e77b72f37eb5769') in 0.002849 seconds 
  Import took 0.009158 seconds .

AssetImportWorkerClient::OnTransportError - code=2 error=End of file
